<?xml version="1.0" encoding="UTF-8"?>
<!-- Generated by org.testng.reporters.JUnitReportReporter -->
<testsuite hostname="DESKTOP-TNHLF89" failures="0" tests="1" name="Module1.DEVFrontDeskTest" time="39.193" errors="0" timestamp="2023-10-27T12:41:11 IST" skipped="0">
  <testcase classname="Module1.DEVFrontDeskTest" name="CreatePatientByUploadingPhotoClip" time="39.193"/>
</testsuite> <!-- Module1.DEVFrontDeskTest -->
