<?xml version="1.0" encoding="UTF-8"?>
<!-- Generated by org.testng.reporters.JUnitReportReporter -->
<testsuite hostname="DESKTOP-TNHLF89" failures="0" tests="2" name="Module1.DEVQuickSAndAccSettingTest" time="12.524" errors="0" timestamp="2023-07-11T17:43:42 IST" skipped="0">
  <testcase classname="Module1.DEVQuickSAndAccSettingTest" name="LoginToApp" time="3.937"/>
  <testcase classname="Module1.DEVQuickSAndAccSettingTest" name="EditProfile" time="8.587"/>
</testsuite> <!-- Module1.DEVQuickSAndAccSettingTest -->
